<?xml version="1.0" encoding="UTF-8"?>
<!-- Generated by org.testng.reporters.JUnitReportReporter -->
<testsuite hostname="DESKTOP-J3QRB0N" failures="0" tests="2" name="com.ecommerce.SwagLabs.modules.TC_01" time="7.332" errors="0" timestamp="2023-01-09T21:45:21 IST" skipped="0">
  <testcase classname="com.ecommerce.SwagLabs.modules.TC_01" name="swagLabs" time="3.525"/>
  <system-out/>
  <testcase classname="com.ecommerce.SwagLabs.modules.TC_01" name="productnames" time="3.807"/>
  <system-out/>
</testsuite> <!-- com.ecommerce.SwagLabs.modules.TC_01 -->
