<?xml version="1.0" encoding="UTF-8"?>
<!-- Generated by org.testng.reporters.JUnitReportReporter -->
<testsuite hostname="DESKTOP-J3QRB0N" failures="0" tests="1" name="com.ecommerce.SwagLabs.modules.TC_02" time="4.608" errors="0" timestamp="2023-01-09T21:38:09 IST" skipped="0">
  <testcase classname="com.ecommerce.SwagLabs.modules.TC_02" name="class1" time="4.608"/>
  <system-out/>
</testsuite> <!-- com.ecommerce.SwagLabs.modules.TC_02 -->
