<?xml version="1.0" encoding="UTF-8"?>
<!-- Generated by org.testng.reporters.JUnitReportReporter -->
<testsuite hostname="DESKTOP-J3QRB0N" failures="0" tests="1" name="SwaGLabs.SwaGLabs.AppTest" time="0.032" errors="0" timestamp="2023-01-10T12:15:51 IST" skipped="0">
  <testcase classname="SwaGLabs.SwaGLabs.AppTest" name="shouldAnswerWithTrue" time="0.032"/>
  <system-out/>
</testsuite> <!-- SwaGLabs.SwaGLabs.AppTest -->
