<?xml version="1.0" encoding="UTF-8"?>
<!-- Generated by org.testng.reporters.JUnitReportReporter -->
<testsuite hostname="DESKTOP-J3QRB0N" failures="0" tests="1" name="com.ecommerce.SwagLabs.modules.TC_01" time="7.854" errors="0" timestamp="2023-01-10T12:18:29 IST" skipped="0">
  <testcase classname="com.ecommerce.SwagLabs.modules.TC_01" name="productnames" time="7.854"/>
  <system-out/>
</testsuite> <!-- com.ecommerce.SwagLabs.modules.TC_01 -->
